[debug] [2020-07-01T16:43:43.562Z] ----------------------------------------------------------------------
[debug] [2020-07-01T16:43:43.565Z] Command:       C:\Program Files\nodejs\node.exe C:\Users\chiku\AppData\Roaming\npm\node_modules\firebase-tools\lib\bin\firebase.js serve --only functions
[debug] [2020-07-01T16:43:43.565Z] CLI Version:   8.4.3
[debug] [2020-07-01T16:43:43.565Z] Platform:      win32
[debug] [2020-07-01T16:43:43.565Z] Node Version:  v10.15.0
[debug] [2020-07-01T16:43:43.567Z] Time:          Wed Jul 01 2020 22:13:43 GMT+0530 (India Standard Time)
[debug] [2020-07-01T16:43:43.567Z] ----------------------------------------------------------------------
[debug] [2020-07-01T16:43:43.567Z] 
[debug] [2020-07-01T16:43:43.578Z] > command requires scopes: ["email","openid","https://www.googleapis.com/auth/cloudplatformprojects.readonly","https://www.googleapis.com/auth/firebase","https://www.googleapis.com/auth/cloud-platform"]
[debug] [2020-07-01T16:43:43.578Z] > authorizing via signed-in user
[debug] [2020-07-01T16:43:43.579Z] [iam] checking project hrms-3c5e8 for permissions ["firebase.projects.get"]
[debug] [2020-07-01T16:43:43.582Z] > refreshing access token with scopes: ["email","https://www.googleapis.com/auth/cloud-platform","https://www.googleapis.com/auth/cloudplatformprojects.readonly","https://www.googleapis.com/auth/firebase","openid"]
[debug] [2020-07-01T16:43:43.582Z] >>> HTTP REQUEST POST https://www.googleapis.com/oauth2/v3/token  
 <request body omitted>
[debug] [2020-07-01T16:43:44.549Z] <<< HTTP RESPONSE 200 {"content-type":"application/json; charset=utf-8","vary":"X-Origin, Referer, Origin,Accept-Encoding","date":"Wed, 01 Jul 2020 16:43:46 GMT","server":"scaffolding on HTTPServer2","cache-control":"private","x-xss-protection":"0","x-frame-options":"SAMEORIGIN","x-content-type-options":"nosniff","alt-svc":"h3-27=\":443\"; ma=2592000,h3-25=\":443\"; ma=2592000,h3-T050=\":443\"; ma=2592000,h3-Q050=\":443\"; ma=2592000,h3-Q046=\":443\"; ma=2592000,h3-Q043=\":443\"; ma=2592000,quic=\":443\"; ma=2592000; v=\"46,43\"","accept-ranges":"none","transfer-encoding":"chunked"}
[debug] [2020-07-01T16:43:44.588Z] >>> HTTP REQUEST POST https://cloudresourcemanager.googleapis.com/v1/projects/hrms-3c5e8:testIamPermissions  
 {"permissions":["firebase.projects.get"]}
[debug] [2020-07-01T16:43:46.780Z] <<< HTTP RESPONSE 200 {"content-type":"application/json; charset=UTF-8","vary":"X-Origin, Referer, Origin,Accept-Encoding","date":"Wed, 01 Jul 2020 16:43:48 GMT","server":"ESF","cache-control":"private","x-xss-protection":"0","x-frame-options":"SAMEORIGIN","x-content-type-options":"nosniff","server-timing":"gfet4t7; dur=1295","alt-svc":"h3-27=\":443\"; ma=2592000,h3-25=\":443\"; ma=2592000,h3-T050=\":443\"; ma=2592000,h3-Q050=\":443\"; ma=2592000,h3-Q046=\":443\"; ma=2592000,h3-Q043=\":443\"; ma=2592000,quic=\":443\"; ma=2592000; v=\"46,43\"","accept-ranges":"none","transfer-encoding":"chunked"}
[debug] [2020-07-01T16:43:46.782Z] >>> HTTP REQUEST GET https://firebase.googleapis.com/v1beta1/projects/hrms-3c5e8  
 
[debug] [2020-07-01T16:43:48.523Z] <<< HTTP RESPONSE 200 {"content-type":"application/json; charset=UTF-8","vary":"X-Origin, Referer, Origin,Accept-Encoding","date":"Wed, 01 Jul 2020 16:43:50 GMT","server":"ESF","cache-control":"private","x-xss-protection":"0","x-frame-options":"SAMEORIGIN","x-content-type-options":"nosniff","alt-svc":"h3-29=\":443\"; ma=2592000,h3-27=\":443\"; ma=2592000,h3-25=\":443\"; ma=2592000,h3-T050=\":443\"; ma=2592000,h3-Q050=\":443\"; ma=2592000,h3-Q046=\":443\"; ma=2592000,h3-Q043=\":443\"; ma=2592000,quic=\":443\"; ma=2592000; v=\"46,43\"","accept-ranges":"none","transfer-encoding":"chunked"}
[debug] [2020-07-01T16:43:49.247Z] TypeError [ERR_INVALID_ARG_TYPE]: The "path" argument must be of type string. Received type undefined
    at assertPath (path.js:39:11)
    at Object.join (path.js:432:7)
    at Object.<anonymous> (C:\Users\chiku\AppData\Roaming\npm\node_modules\firebase-tools\lib\serve\functions.js:21:39)
    at Generator.next (<anonymous>)
    at C:\Users\chiku\AppData\Roaming\npm\node_modules\firebase-tools\lib\serve\functions.js:8:71
    at new Promise (<anonymous>)
    at __awaiter (C:\Users\chiku\AppData\Roaming\npm\node_modules\firebase-tools\lib\serve\functions.js:4:12)
    at Object.start (C:\Users\chiku\AppData\Roaming\npm\node_modules\firebase-tools\lib\serve\functions.js:19:16)
    at Promise.all._.map (C:\Users\chiku\AppData\Roaming\npm\node_modules\firebase-tools\lib\serve\index.js:23:40)
    at arrayMap (C:\Users\chiku\AppData\Roaming\npm\node_modules\firebase-tools\node_modules\lodash\lodash.js:639:23)
    at Function.map (C:\Users\chiku\AppData\Roaming\npm\node_modules\firebase-tools\node_modules\lodash\lodash.js:9554:14)
    at C:\Users\chiku\AppData\Roaming\npm\node_modules\firebase-tools\lib\serve\index.js:22:29
    at Generator.next (<anonymous>)
    at C:\Users\chiku\AppData\Roaming\npm\node_modules\firebase-tools\lib\serve\index.js:8:71
    at new Promise (<anonymous>)
    at __awaiter (C:\Users\chiku\AppData\Roaming\npm\node_modules\firebase-tools\lib\serve\index.js:4:12)
[error] 
[error] Error: An unexpected error has occurred.
